INFO:root:2019-08-08 14:40:34.442771: Read CSV Time elapsed:1.563seconds
INFO:root:2019-08-08 14:46:14.594183: Read CSV Time elapsed: 1.519 seconds
INFO:root:2019-08-08 14:46:14.904890: updateIDFieldsToCategoricalFeatures Time elapsed: 0.14 seconds
INFO:root:2019-08-08 14:46:14.980677: updateISFieldsToBooleanFeatures Time elapsed: 0.037 seconds
INFO:root:2019-08-08 14:46:15.166751: removeHighCardinalityFeatures Time elapsed: 0.087 seconds
INFO:root:2019-08-08 14:46:15.175197: removeHighNULLCntFeatures Time elapsed: 0.004 seconds
INFO:root:2019-08-08 14:46:15.740523: removeRemainingRecordsWithNULLS Time elapsed: 0.273 seconds
INFO:root:2019-08-08 14:46:23.694456: convertCategoricalVariablesToDummyVariables Time elapsed: 3.691 seconds
INFO:root:2019-08-08 14:46:23.697592: Export CSV Time elapsed: 0.0 seconds
INFO:root:2019-08-08 14:49:30.050289: Read CSV Time elapsed: 1.518 seconds
INFO:root:2019-08-08 14:49:30.334026: updateIDFieldsToCategoricalFeatures Time elapsed: 0.14 seconds
INFO:root:2019-08-08 14:49:30.412770: updateISFieldsToBooleanFeatures Time elapsed: 0.038 seconds
INFO:root:2019-08-08 14:49:30.611434: removeHighCardinalityFeatures Time elapsed: 0.093 seconds
INFO:root:2019-08-08 14:49:30.623909: removeHighNULLCntFeatures Time elapsed: 0.005 seconds
INFO:root:2019-08-08 14:49:31.199393: removeRemainingRecordsWithNULLS Time elapsed: 0.269 seconds
INFO:root:2019-08-08 14:49:38.787411: convertCategoricalVariablesToDummyVariables Time elapsed: 3.574 seconds
INFO:root:2019-08-08 14:49:38.787538: Export CSV Time elapsed: 0.0 seconds
INFO:root:2019-08-08 14:51:24.186608: Read CSV Time elapsed: 1.625 seconds
INFO:root:2019-08-08 14:51:24.431754: updateIDFieldsToCategoricalFeatures Time elapsed: 0.116 seconds
INFO:root:2019-08-08 14:51:24.496228: updateISFieldsToBooleanFeatures Time elapsed: 0.029 seconds
INFO:root:2019-08-08 14:51:24.664499: removeHighCardinalityFeatures Time elapsed: 0.083 seconds
INFO:root:2019-08-08 14:51:24.668975: removeHighNULLCntFeatures Time elapsed: 0.004 seconds
INFO:root:2019-08-08 14:51:25.298196: removeRemainingRecordsWithNULLS Time elapsed: 0.283 seconds
INFO:root:2019-08-08 14:51:32.999006: convertCategoricalVariablesToDummyVariables Time elapsed: 3.674 seconds
INFO:root:2019-08-08 14:51:32.999142: Export CSV Time elapsed: 0.0 seconds
INFO:root:2019-08-08 14:52:21.721979: Read CSV Time elapsed: 1.631 seconds
INFO:root:2019-08-08 14:52:22.023016: updateIDFieldsToCategoricalFeatures Time elapsed: 0.139 seconds
INFO:root:2019-08-08 14:52:22.106951: updateISFieldsToBooleanFeatures Time elapsed: 0.038 seconds
INFO:root:2019-08-08 14:52:22.337178: removeHighCardinalityFeatures Time elapsed: 0.095 seconds
INFO:root:2019-08-08 14:52:22.347427: removeHighNULLCntFeatures Time elapsed: 0.004 seconds
INFO:root:2019-08-08 14:52:23.050572: removeRemainingRecordsWithNULLS Time elapsed: 0.271 seconds
INFO:root:2019-08-08 14:52:30.662163: convertCategoricalVariablesToDummyVariables Time elapsed: 3.505 seconds
INFO:root:2019-08-08 14:52:30.662291: Export CSV Time elapsed: 0.0 seconds
INFO:root:2019-08-08 14:52:38.480177: Read CSV Time elapsed: 1.542 seconds
INFO:root:2019-08-08 14:52:38.714693: updateIDFieldsToCategoricalFeatures Time elapsed: 0.114 seconds
INFO:root:2019-08-08 14:52:38.775487: updateISFieldsToBooleanFeatures Time elapsed: 0.03 seconds
INFO:root:2019-08-08 14:52:38.986423: removeHighCardinalityFeatures Time elapsed: 0.087 seconds
INFO:root:2019-08-08 14:52:38.999138: removeHighNULLCntFeatures Time elapsed: 0.005 seconds
INFO:root:2019-08-08 14:52:39.648804: removeRemainingRecordsWithNULLS Time elapsed: 0.283 seconds
INFO:root:2019-08-08 14:52:47.927624: convertCategoricalVariablesToDummyVariables Time elapsed: 3.541 seconds
INFO:root:2019-08-08 14:52:47.927753: Export CSV Time elapsed: 0.0 seconds
INFO:root:2019-08-08 14:53:27.443851: Read CSV Time elapsed: 1.517 seconds
INFO:root:2019-08-08 14:53:27.718053: updateIDFieldsToCategoricalFeatures Time elapsed: 0.137 seconds
INFO:root:2019-08-08 14:53:27.794077: updateISFieldsToBooleanFeatures Time elapsed: 0.037 seconds
INFO:root:2019-08-08 14:53:28.011560: removeHighCardinalityFeatures Time elapsed: 0.096 seconds
INFO:root:2019-08-08 14:53:28.020355: removeHighNULLCntFeatures Time elapsed: 0.004 seconds
INFO:root:2019-08-08 14:53:28.599511: removeRemainingRecordsWithNULLS Time elapsed: 0.274 seconds
INFO:root:2019-08-08 14:53:35.970243: convertCategoricalVariablesToDummyVariables Time elapsed: 3.547 seconds
INFO:root:2019-08-08 14:53:35.974533: Export CSV Time elapsed: 0.0 seconds
INFO:root:2019-08-08 14:58:51.441285: Read CSV Time elapsed: 1.509 seconds
INFO:root:2019-08-08 14:58:51.731568: updateIDFieldsToCategoricalFeatures Time elapsed: 0.137 seconds
INFO:root:2019-08-08 14:58:51.844347: updateISFieldsToBooleanFeatures Time elapsed: 0.04 seconds
INFO:root:2019-08-08 14:58:52.028694: removeHighCardinalityFeatures Time elapsed: 0.09 seconds
INFO:root:2019-08-08 14:58:52.038632: removeHighNULLCntFeatures Time elapsed: 0.006 seconds
INFO:root:2019-08-08 14:58:52.633300: removeRemainingRecordsWithNULLS Time elapsed: 0.275 seconds
INFO:root:2019-08-08 14:59:01.427952: convertCategoricalVariablesToDummyVariables Time elapsed: 3.558 seconds
INFO:root:2019-08-08 14:59:01.428081: Export CSV Time elapsed: 0.0 seconds
INFO:root:2019-08-08 14:59:56.186435: Read CSV Time elapsed: 1.635 seconds
INFO:root:2019-08-08 14:59:56.482886: updateIDFieldsToCategoricalFeatures Time elapsed: 0.14 seconds
INFO:root:2019-08-08 14:59:56.558026: updateISFieldsToBooleanFeatures Time elapsed: 0.038 seconds
INFO:root:2019-08-08 14:59:56.741326: removeHighCardinalityFeatures Time elapsed: 0.091 seconds
INFO:root:2019-08-08 14:59:56.754314: removeHighNULLCntFeatures Time elapsed: 0.004 seconds
INFO:root:2019-08-08 14:59:57.349359: removeRemainingRecordsWithNULLS Time elapsed: 0.274 seconds
INFO:root:2019-08-08 15:00:04.769009: convertCategoricalVariablesToDummyVariables Time elapsed: 3.555 seconds
INFO:root:2019-08-08 15:00:04.769162: Export CSV Time elapsed: 0.0 seconds
INFO:root:2019-08-08 15:02:31.271588: Read CSV Time elapsed: 1.676 seconds
INFO:root:2019-08-08 15:02:31.721169: updateIDFieldsToCategoricalFeatures Time elapsed: 0.151 seconds
INFO:root:2019-08-08 15:02:31.858994: updateISFieldsToBooleanFeatures Time elapsed: 0.042 seconds
INFO:root:2019-08-08 15:02:32.132272: removeHighCardinalityFeatures Time elapsed: 0.092 seconds
INFO:root:2019-08-08 15:02:32.140829: removeHighNULLCntFeatures Time elapsed: 0.004 seconds
INFO:root:2019-08-08 15:02:32.972264: removeRemainingRecordsWithNULLS Time elapsed: 0.284 seconds
INFO:root:2019-08-08 15:02:41.117695: convertCategoricalVariablesToDummyVariables Time elapsed: 3.519 seconds
INFO:root:2019-08-08 15:13:49.682059: Export CSV Time elapsed: 314.517 seconds
INFO:root:2019-08-08 15:16:12.442855: Import CSV Time elapsed: 1.548 seconds
INFO:root:2019-08-08 15:16:12.650685: updateIDFieldsToCategoricalFeatures Time elapsed: 0.146 seconds
INFO:root:2019-08-08 15:16:12.693855: updateISFieldsToBooleanFeatures Time elapsed: 0.038 seconds
INFO:root:2019-08-08 15:16:12.841627: removeHighCardinalityFeatures Time elapsed: 0.094 seconds
INFO:root:2019-08-08 15:16:12.848681: removeHighNULLCntFeatures Time elapsed: 0.004 seconds
INFO:root:2019-08-08 15:16:13.266074: removeRemainingRecordsWithNULLS Time elapsed: 0.271 seconds
INFO:root:2019-08-08 15:16:19.412375: convertCategoricalVariablesToDummyVariables Time elapsed: 3.667 seconds
INFO:root:2019-08-08 15:24:25.458362: Export CSV Time elapsed: 323.29 seconds
INFO:root:2019-09-21 18:45:17.242575: Import CSV Time elapsed: 1.364 seconds
INFO:root:2019-09-21 18:45:17.414321: updateIDFieldsToCategoricalFeatures Time elapsed: 0.171 seconds
INFO:root:2019-09-21 18:45:17.455116: updateISFieldsToBooleanFeatures Time elapsed: 0.041 seconds
INFO:root:2019-09-21 18:45:17.588016: removeHighCardinalityFeatures Time elapsed: 0.133 seconds
INFO:root:2019-09-21 18:45:17.594176: removeHighNULLCntFeatures Time elapsed: 0.006 seconds
INFO:root:2019-09-21 18:45:17.750713: removeRemainingRecordsWithNULLS Time elapsed: 0.156 seconds
INFO:root:2019-09-21 18:45:22.511538: convertCategoricalVariablesToDummyVariables Time elapsed: 4.761 seconds
INFO:root:2019-09-21 18:47:26.670462: Import CSV Time elapsed: 1.322 seconds
INFO:root:2019-09-21 18:47:48.221453: Import CSV Time elapsed: 0.281 seconds
INFO:root:2019-09-21 18:48:06.106148: Import CSV Time elapsed: 0.268 seconds
INFO:root:2019-09-21 18:48:06.138372: updateIDFieldsToCategoricalFeatures Time elapsed: 0.032 seconds
INFO:root:2019-09-21 18:48:06.145283: updateISFieldsToBooleanFeatures Time elapsed: 0.007 seconds
INFO:root:2019-09-21 18:48:06.177205: removeHighCardinalityFeatures Time elapsed: 0.032 seconds
INFO:root:2019-09-21 18:48:06.179939: removeHighNULLCntFeatures Time elapsed: 0.003 seconds
INFO:root:2019-09-21 18:48:06.207459: removeRemainingRecordsWithNULLS Time elapsed: 0.027 seconds
INFO:root:2019-09-21 18:48:06.903409: convertCategoricalVariablesToDummyVariables Time elapsed: 0.696 seconds
INFO:root:2019-09-21 18:48:38.096503: Export CSV Time elapsed: 31.194 seconds
INFO:root:2019-09-21 18:48:56.844069: Import CSV Time elapsed: 0.348 seconds
INFO:root:2019-09-21 18:48:56.879549: updateIDFieldsToCategoricalFeatures Time elapsed: 0.035 seconds
INFO:root:2019-09-21 18:48:56.886852: updateISFieldsToBooleanFeatures Time elapsed: 0.007 seconds
INFO:root:2019-09-21 18:48:56.920878: removeHighCardinalityFeatures Time elapsed: 0.034 seconds
INFO:root:2019-09-21 18:48:56.923083: removeHighNULLCntFeatures Time elapsed: 0.002 seconds
INFO:root:2019-09-21 18:48:56.951108: removeRemainingRecordsWithNULLS Time elapsed: 0.028 seconds
INFO:root:2019-09-21 18:48:57.715803: convertCategoricalVariablesToDummyVariables Time elapsed: 0.765 seconds
INFO:root:2019-09-21 18:49:28.158747: Export CSV Time elapsed: 30.444 seconds
INFO:root:########
INFO:root:2019-09-21 18:50:28.157936: New Application Process
INFO:root:########
INFO:root:2019-09-21 18:50:28.440959: Import CSV Time elapsed: 0.283 seconds
INFO:root:2019-09-21 18:50:28.472781: updateIDFieldsToCategoricalFeatures Time elapsed: 0.032 seconds
INFO:root:2019-09-21 18:50:28.479697: updateISFieldsToBooleanFeatures Time elapsed: 0.007 seconds
INFO:root:2019-09-21 18:50:28.513397: removeHighCardinalityFeatures Time elapsed: 0.034 seconds
INFO:root:2019-09-21 18:50:28.515526: removeHighNULLCntFeatures Time elapsed: 0.002 seconds
INFO:root:2019-09-21 18:50:28.543199: removeRemainingRecordsWithNULLS Time elapsed: 0.028 seconds
INFO:root:2019-09-21 18:50:29.228958: convertCategoricalVariablesToDummyVariables Time elapsed: 0.686 seconds
INFO:root:2019-09-21 18:51:01.508140: Export CSV Time elapsed: 32.28 seconds
INFO:root:########
INFO:root:2019-09-21 18:51:18.017862: New Application Process
INFO:root:########
INFO:root:2019-09-21 18:51:18.296525: Import CSV Time elapsed: 0.278 seconds
INFO:root:2019-09-21 18:51:18.328324: updateIDFieldsToCategoricalFeatures Time elapsed: 0.032 seconds
INFO:root:2019-09-21 18:51:18.334998: updateISFieldsToBooleanFeatures Time elapsed: 0.007 seconds
INFO:root:2019-09-21 18:51:18.368027: removeHighCardinalityFeatures Time elapsed: 0.033 seconds
INFO:root:2019-09-21 18:51:18.370149: removeHighNULLCntFeatures Time elapsed: 0.002 seconds
INFO:root:2019-09-21 18:51:18.398507: removeRemainingRecordsWithNULLS Time elapsed: 0.028 seconds
INFO:root:2019-09-21 18:51:19.086409: convertCategoricalVariablesToDummyVariables Time elapsed: 0.688 seconds
INFO:root:2019-09-21 18:51:49.030457: Export CSV Time elapsed: 29.945 seconds
INFO:root:########
INFO:root:2019-09-21 18:51:49.030793: End of Application Process
INFO:root:########
INFO:root:########
INFO:root:2019-09-21 19:07:26.065190: New Application Process
INFO:root:########
INFO:root:2019-09-21 19:07:26.383817: Import CSV Time elapsed: 0.318 seconds
INFO:root:2019-09-21 19:07:26.423262: updateIDFieldsToCategoricalFeatures Time elapsed: 0.039 seconds
INFO:root:2019-09-21 19:07:26.430103: updateISFieldsToBooleanFeatures Time elapsed: 0.007 seconds
INFO:root:2019-09-21 19:07:26.463858: removeHighCardinalityFeatures Time elapsed: 0.034 seconds
INFO:root:2019-09-21 19:07:26.466067: removeHighNULLCntFeatures Time elapsed: 0.002 seconds
INFO:root:2019-09-21 19:07:26.497756: removeRemainingRecordsWithNULLS Time elapsed: 0.032 seconds
INFO:root:2019-09-21 19:07:27.250664: convertCategoricalVariablesToDummyVariables Time elapsed: 0.753 seconds
INFO:root:2019-09-21 19:07:57.481243: Export CSV Time elapsed: 30.232 seconds
INFO:root:########
INFO:root:2019-09-21 19:07:57.481565: End of Application Process
INFO:root:########
INFO:root:########
INFO:root:2019-09-21 19:23:41.249132: New Application Process
INFO:root:########
INFO:root:2019-09-21 19:23:41.567465: Import CSV Time elapsed: 0.318 seconds
INFO:root:2019-09-21 19:23:41.606677: updateIDFieldsToCategoricalFeatures Time elapsed: 0.039 seconds
INFO:root:2019-09-21 19:23:41.613207: updateISFieldsToBooleanFeatures Time elapsed: 0.006 seconds
INFO:root:2019-09-21 19:23:41.647149: removeHighCardinalityFeatures Time elapsed: 0.034 seconds
INFO:root:2019-09-21 19:23:41.649256: removeHighNULLCntFeatures Time elapsed: 0.002 seconds
INFO:root:2019-09-21 19:23:41.681916: removeRemainingRecordsWithNULLS Time elapsed: 0.033 seconds
INFO:root:2019-09-21 19:23:42.376101: convertCategoricalVariablesToDummyVariables Time elapsed: 0.694 seconds
INFO:root:2019-09-21 19:24:12.924724: Export CSV Time elapsed: 30.55 seconds
INFO:root:########
INFO:root:2019-09-21 19:24:12.925053: End of Application Process
INFO:root:########
INFO:root:########
INFO:root:2019-09-21 19:24:25.745164: New Application Process
INFO:root:########
INFO:root:2019-09-21 19:24:26.023940: Import CSV Time elapsed: 0.279 seconds
INFO:root:2019-09-21 19:24:26.054240: updateIDFieldsToCategoricalFeatures Time elapsed: 0.03 seconds
INFO:root:2019-09-21 19:24:26.061069: updateISFieldsToBooleanFeatures Time elapsed: 0.007 seconds
INFO:root:2019-09-21 19:24:26.093904: removeHighCardinalityFeatures Time elapsed: 0.033 seconds
INFO:root:2019-09-21 19:24:26.096086: removeHighNULLCntFeatures Time elapsed: 0.002 seconds
INFO:root:2019-09-21 19:24:26.122955: removeRemainingRecordsWithNULLS Time elapsed: 0.027 seconds
INFO:root:2019-09-21 19:24:26.815211: convertCategoricalVariablesToDummyVariables Time elapsed: 0.692 seconds
INFO:root:2019-09-21 19:24:57.114055: Export CSV Time elapsed: 30.3 seconds
INFO:root:########
INFO:root:2019-09-21 19:24:57.114318: End of Application Process
INFO:root:########
INFO:root:########
INFO:root:2019-09-21 19:25:05.551724: New Application Process
INFO:root:########
INFO:root:2019-09-21 19:25:05.826360: Import CSV Time elapsed: 0.274 seconds
INFO:root:2019-09-21 19:25:05.857131: updateIDFieldsToCategoricalFeatures Time elapsed: 0.031 seconds
INFO:root:2019-09-21 19:25:05.863367: updateISFieldsToBooleanFeatures Time elapsed: 0.006 seconds
INFO:root:2019-09-21 19:25:05.894264: removeHighCardinalityFeatures Time elapsed: 0.031 seconds
INFO:root:2019-09-21 19:25:05.896330: removeHighNULLCntFeatures Time elapsed: 0.002 seconds
INFO:root:2019-09-21 19:25:05.923523: removeRemainingRecordsWithNULLS Time elapsed: 0.027 seconds
INFO:root:2019-09-21 19:25:06.592543: convertCategoricalVariablesToDummyVariables Time elapsed: 0.669 seconds
INFO:root:2019-09-21 19:25:36.923820: Export CSV Time elapsed: 30.332 seconds
INFO:root:########
INFO:root:2019-09-21 19:25:36.924095: End of Application Process
INFO:root:########
INFO:root:########
INFO:root:2019-09-21 19:34:50.843102: New Application Process
INFO:root:########
INFO:root:########
INFO:root:2019-09-21 19:34:50.843296: New Application Process
INFO:root:########
INFO:root:########
INFO:root:2019-09-21 19:34:50.843457: New Application Process
INFO:root:########
INFO:root:2019-09-21 19:34:51.152462: Import CSV Time elapsed: 0.309 seconds
INFO:root:2019-09-21 19:34:51.198121: updateIDFieldsToCategoricalFeatures Time elapsed: 0.045 seconds
INFO:root:2019-09-21 19:34:51.205019: updateISFieldsToBooleanFeatures Time elapsed: 0.007 seconds
INFO:root:2019-09-21 19:34:51.238525: removeHighCardinalityFeatures Time elapsed: 0.033 seconds
INFO:root:2019-09-21 19:34:51.240756: removeHighNULLCntFeatures Time elapsed: 0.002 seconds
INFO:root:2019-09-21 19:34:51.275088: removeRemainingRecordsWithNULLS Time elapsed: 0.034 seconds
INFO:root:2019-09-21 19:34:51.960889: convertCategoricalVariablesToDummyVariables Time elapsed: 0.686 seconds
INFO:root:2019-09-21 19:35:22.135669: Export CSV Time elapsed: 30.176 seconds
INFO:root:########
INFO:root:2019-09-21 19:35:22.135931: End of Application Process
INFO:root:########
INFO:root:########
INFO:root:2019-09-21 19:46:55.247947: New Application Process
INFO:root:########
INFO:root:2019-09-21 19:46:55.568043: Import CSV Time elapsed: 0.32 seconds
INFO:root:2019-09-21 19:46:55.615454: updateIDFieldsToCategoricalFeatures Time elapsed: 0.047 seconds
INFO:root:2019-09-21 19:46:55.624729: updateISFieldsToBooleanFeatures Time elapsed: 0.007 seconds
INFO:root:2019-09-21 19:46:55.659920: removeHighCardinalityFeatures Time elapsed: 0.035 seconds
INFO:root:2019-09-21 19:46:55.662505: removeHighNULLCntFeatures Time elapsed: 0.002 seconds
INFO:root:2019-09-21 19:46:55.696399: removeRemainingRecordsWithNULLS Time elapsed: 0.034 seconds
INFO:root:2019-09-21 19:46:56.440380: convertCategoricalVariablesToDummyVariables Time elapsed: 0.744 seconds
INFO:root:2019-09-21 19:47:27.709823: Export CSV Time elapsed: 31.269 seconds
INFO:root:########
INFO:root:2019-09-21 19:47:27.710802: End of Application Process
INFO:root:########
INFO:root:########
INFO:root:2019-09-21 19:53:51.744368: New Data Pipeline Process
INFO:root:########
INFO:root:2019-09-21 19:53:52.062986: Import CSV Time elapsed: 0.318 seconds
INFO:root:2019-09-21 19:53:52.101420: updateIDFieldsToCategoricalFeatures Time elapsed: 0.038 seconds
INFO:root:2019-09-21 19:53:52.101575: updateIDFieldsToCategoricalFeatures Time elapsed: 0.038 seconds
INFO:root:2019-09-21 19:53:52.108106: updateISFieldsToBooleanFeatures Time elapsed: 0.006 seconds
INFO:root:2019-09-21 19:53:52.108232: updateISFieldsToBooleanFeatures Time elapsed: 0.007 seconds
INFO:root:2019-09-21 19:53:52.142422: removeHighCardinalityFeatures Time elapsed: 0.034 seconds
INFO:root:2019-09-21 19:53:52.142560: removeHighCardinalityFeatures Time elapsed: 0.034 seconds
INFO:root:2019-09-21 19:53:52.144601: removeHighNULLCntFeatures Time elapsed: 0.002 seconds
INFO:root:2019-09-21 19:53:52.144706: removeHighNULLCntFeatures Time elapsed: 0.002 seconds
INFO:root:2019-09-21 19:53:52.175927: removeRemainingRecordsWithNULLS Time elapsed: 0.031 seconds
INFO:root:2019-09-21 19:53:52.176717: removeRemainingRecordsWithNULLS Time elapsed: 0.032 seconds
INFO:root:2019-09-21 19:53:52.861961: convertCategoricalVariablesToDummyVariables Time elapsed: 0.685 seconds
INFO:root:2019-09-21 19:53:52.877933: convertCategoricalVariablesToDummyVariables Time elapsed: 0.701 seconds
INFO:root:2019-09-21 19:54:22.286981: Export CSV Time elapsed: 29.41 seconds
INFO:root:########
INFO:root:2019-09-21 20:01:02.063546: New Data Pipeline Process
INFO:root:########
INFO:root:2019-09-21 20:01:02.351795: Import CSV Time elapsed: 0.288 seconds
INFO:root:2019-09-21 20:01:02.388771: updateIDFieldsToCategoricalFeatures Time elapsed: 0.037 seconds
INFO:root:2019-09-21 20:01:02.397808: updateISFieldsToBooleanFeatures Time elapsed: 0.009 seconds
INFO:root:2019-09-21 20:01:02.435925: removeHighCardinalityFeatures Time elapsed: 0.038 seconds
INFO:root:2019-09-21 20:01:02.438062: removeHighNULLCntFeatures Time elapsed: 0.002 seconds
INFO:root:2019-09-21 20:01:02.470153: removeRemainingRecordsWithNULLS Time elapsed: 0.032 seconds
INFO:root:2019-09-21 20:01:03.243119: convertCategoricalVariablesToDummyVariables Time elapsed: 0.772 seconds
INFO:root:########
INFO:root:2019-09-21 20:01:28.288847: New Data Pipeline Process
INFO:root:########
INFO:root:2019-09-21 20:01:28.562799: Import CSV Time elapsed: 0.274 seconds
INFO:root:2019-09-21 20:01:28.596001: updateIDFieldsToCategoricalFeatures Time elapsed: 0.033 seconds
INFO:root:2019-09-21 20:01:28.604203: updateISFieldsToBooleanFeatures Time elapsed: 0.008 seconds
INFO:root:2019-09-21 20:01:28.638133: removeHighCardinalityFeatures Time elapsed: 0.034 seconds
INFO:root:2019-09-21 20:01:28.640450: removeHighNULLCntFeatures Time elapsed: 0.002 seconds
INFO:root:2019-09-21 20:01:28.668146: removeRemainingRecordsWithNULLS Time elapsed: 0.028 seconds
INFO:root:2019-09-21 20:01:29.342128: convertCategoricalVariablesToDummyVariables Time elapsed: 0.673 seconds
INFO:root:########
INFO:root:2019-09-21 20:01:47.905450: New Data Pipeline Process
INFO:root:########
INFO:root:2019-09-21 20:01:48.194550: Import CSV Time elapsed: 0.289 seconds
INFO:root:2019-09-21 20:01:48.226909: updateIDFieldsToCategoricalFeatures Time elapsed: 0.032 seconds
INFO:root:2019-09-21 20:01:48.233396: updateISFieldsToBooleanFeatures Time elapsed: 0.006 seconds
INFO:root:2019-09-21 20:01:48.265780: removeHighCardinalityFeatures Time elapsed: 0.032 seconds
INFO:root:2019-09-21 20:01:48.268202: removeHighNULLCntFeatures Time elapsed: 0.002 seconds
INFO:root:2019-09-21 20:01:48.294779: removeRemainingRecordsWithNULLS Time elapsed: 0.026 seconds
INFO:root:2019-09-21 20:01:48.963850: convertCategoricalVariablesToDummyVariables Time elapsed: 0.668 seconds
INFO:root:2019-09-21 20:02:19.323199: Export CSV Time elapsed: 30.344 seconds
INFO:root:########
INFO:root:2019-09-21 20:02:19.324199: End of Data Pipeline Process
INFO:root:########
INFO:root:2019-09-21 20:10:56.552710: updateIDFieldsToCategoricalFeatures Time elapsed: 0.047 seconds
INFO:root:2019-09-21 20:10:56.572465: convertCategoricalVariablesToDummyVariables Time elapsed: 0.018 seconds
INFO:root:2019-09-21 20:10:56.890582: removeHighCardinalityFeatures Time elapsed: 0.036 seconds
INFO:root:2019-09-21 20:10:57.162108: removeHighNULLCntFeatures Time elapsed: 0.012 seconds
INFO:root:2019-09-21 20:10:57.457659: updateIDFieldsToCategoricalFeatures Time elapsed: 0.032 seconds
INFO:root:2019-09-21 20:10:57.763146: updateISFieldsToBooleanFeatures Time elapsed: 0.017 seconds
INFO:root:2019-09-21 20:51:14.202981: updateIDFieldsToCategoricalFeatures Time elapsed: 0.041 seconds
INFO:root:2019-09-21 20:51:14.224922: convertCategoricalVariablesToDummyVariables Time elapsed: 0.02 seconds
INFO:root:2019-09-21 20:51:14.527697: removeHighCardinalityFeatures Time elapsed: 0.035 seconds
INFO:root:2019-09-21 20:51:14.806064: removeHighNULLCntFeatures Time elapsed: 0.011 seconds
INFO:root:2019-09-21 20:51:15.096276: updateIDFieldsToCategoricalFeatures Time elapsed: 0.031 seconds
INFO:root:2019-09-21 20:51:15.375363: updateISFieldsToBooleanFeatures Time elapsed: 0.015 seconds
INFO:root:########
INFO:root:2019-09-21 20:51:56.830769: New Data Pipeline Process
INFO:root:########
INFO:root:2019-09-21 20:51:57.127140: Import CSV Time elapsed: 0.296 seconds
INFO:root:2019-09-21 20:51:57.157946: updateIDFieldsToCategoricalFeatures Time elapsed: 0.031 seconds
INFO:root:2019-09-21 20:51:57.164805: updateISFieldsToBooleanFeatures Time elapsed: 0.007 seconds
INFO:root:2019-09-21 20:51:57.197783: removeHighCardinalityFeatures Time elapsed: 0.033 seconds
INFO:root:2019-09-21 20:51:57.199929: removeHighNULLCntFeatures Time elapsed: 0.002 seconds
INFO:root:2019-09-21 20:51:57.237071: removeRemainingRecordsWithNULLS Time elapsed: 0.037 seconds
INFO:root:2019-09-21 20:51:57.899394: convertCategoricalVariablesToDummyVariables Time elapsed: 0.662 seconds
INFO:root:2019-09-21 20:52:31.650493: Export CSV Time elapsed: 33.739 seconds
INFO:root:########
INFO:root:2019-09-21 20:52:31.661039: End of Data Pipeline Process
INFO:root:########
INFO:root:########
INFO:root:2019-09-27 20:07:08.653241: New Data Pipeline Process
INFO:root:########
INFO:root:2019-09-27 20:07:08.989037: Import CSV Time elapsed: 0.336 seconds
INFO:root:2019-09-27 20:07:09.031460: updateIDFieldsToCategoricalFeatures Time elapsed: 0.042 seconds
INFO:root:2019-09-27 20:07:09.038677: updateISFieldsToBooleanFeatures Time elapsed: 0.007 seconds
INFO:root:2019-09-27 20:07:09.073989: removeHighCardinalityFeatures Time elapsed: 0.035 seconds
INFO:root:2019-09-27 20:07:09.076314: removeHighNULLCntFeatures Time elapsed: 0.002 seconds
INFO:root:2019-09-27 20:07:09.108696: removeRemainingRecordsWithNULLS Time elapsed: 0.032 seconds
INFO:root:2019-09-27 20:07:09.806403: convertCategoricalVariablesToDummyVariables Time elapsed: 0.697 seconds
INFO:root:2019-09-27 20:07:41.967380: Export CSV Time elapsed: 32.149 seconds
INFO:root:########
INFO:root:2019-09-27 20:07:41.969181: End of Data Pipeline Process
INFO:root:########
INFO:root:########
INFO:root:2019-09-28 15:45:33.175346: New Data Pipeline Process
INFO:root:########
INFO:root:2019-09-28 15:45:33.497601: Import CSV Time elapsed: 0.322 seconds
INFO:root:2019-09-28 15:45:33.537290: updateIDFieldsToCategoricalFeatures Time elapsed: 0.039 seconds
INFO:root:2019-09-28 15:45:33.543617: updateISFieldsToBooleanFeatures Time elapsed: 0.006 seconds
INFO:root:2019-09-28 15:45:33.577137: removeHighCardinalityFeatures Time elapsed: 0.033 seconds
INFO:root:2019-09-28 15:45:33.579158: removeHighNULLCntFeatures Time elapsed: 0.002 seconds
INFO:root:2019-09-28 15:45:33.613185: removeRemainingRecordsWithNULLS Time elapsed: 0.034 seconds
INFO:root:2019-09-28 15:45:34.293700: convertCategoricalVariablesToDummyVariables Time elapsed: 0.68 seconds
INFO:root:2019-09-28 15:46:06.235789: Export CSV Time elapsed: 31.928 seconds
INFO:root:########
INFO:root:2019-09-28 15:46:06.236229: End of Data Pipeline Process
INFO:root:########
INFO:root:########
INFO:root:2019-09-28 15:48:58.715798: New Data Pipeline Process
INFO:root:########
INFO:root:2019-09-28 15:48:59.078070: Import CSV Time elapsed: 0.362 seconds
INFO:root:2019-09-28 15:48:59.124346: updateIDFieldsToCategoricalFeatures Time elapsed: 0.046 seconds
INFO:root:2019-09-28 15:48:59.132531: updateISFieldsToBooleanFeatures Time elapsed: 0.008 seconds
INFO:root:2019-09-28 15:48:59.168399: removeHighCardinalityFeatures Time elapsed: 0.036 seconds
INFO:root:2019-09-28 15:48:59.170567: removeHighNULLCntFeatures Time elapsed: 0.002 seconds
INFO:root:2019-09-28 15:48:59.204799: removeRemainingRecordsWithNULLS Time elapsed: 0.034 seconds
INFO:root:2019-09-28 15:49:00.026142: convertCategoricalVariablesToDummyVariables Time elapsed: 0.821 seconds
INFO:root:2019-09-28 15:49:30.325818: Export CSV Time elapsed: 30.257 seconds
INFO:root:########
INFO:root:2019-09-28 15:49:30.326083: End of Data Pipeline Process
INFO:root:########
INFO:root:########
INFO:root:2019-09-28 17:44:52.864655: New Data Pipeline Process
INFO:root:########
INFO:root:2019-09-28 17:44:53.199637: Import CSV Time elapsed: 0.335 seconds
INFO:root:2019-09-28 17:44:53.241998: updateIDFieldsToCategoricalFeatures Time elapsed: 0.042 seconds
INFO:root:2019-09-28 17:44:53.248882: updateISFieldsToBooleanFeatures Time elapsed: 0.007 seconds
INFO:root:2019-09-28 17:44:53.285272: removeHighCardinalityFeatures Time elapsed: 0.036 seconds
INFO:root:2019-09-28 17:44:53.287622: removeHighNULLCntFeatures Time elapsed: 0.002 seconds
INFO:root:2019-09-28 17:44:53.326623: removeRemainingRecordsWithNULLS Time elapsed: 0.039 seconds
INFO:root:2019-09-28 17:44:54.126094: convertCategoricalVariablesToDummyVariables Time elapsed: 0.799 seconds
INFO:root:2019-09-28 17:45:23.919195: Export CSV Time elapsed: 29.775 seconds
INFO:root:########
INFO:root:2019-09-28 17:45:23.919516: End of Data Pipeline Process
INFO:root:########
INFO:root:2019-09-28 19:38:05.374529: updateIDFieldsToCategoricalFeatures Time elapsed: 0.041 seconds
INFO:root:2019-09-28 19:38:05.398023: convertCategoricalVariablesToDummyVariables Time elapsed: 0.02 seconds
INFO:root:2019-09-28 19:38:05.701030: removeHighCardinalityFeatures Time elapsed: 0.038 seconds
INFO:root:2019-09-28 19:38:05.957547: removeHighNULLCntFeatures Time elapsed: 0.01 seconds
INFO:root:2019-09-28 19:38:06.250866: updateIDFieldsToCategoricalFeatures Time elapsed: 0.03 seconds
INFO:root:2019-09-28 19:38:06.515180: updateISFieldsToBooleanFeatures Time elapsed: 0.014 seconds
INFO:root:########
INFO:root:2019-09-29 13:41:22.865115: New Data Pipeline Process
INFO:root:########
INFO:root:2019-09-29 13:41:23.241842: Import CSV Time elapsed: 0.377 seconds
INFO:root:2019-09-29 13:41:23.283335: updateIDFieldsToCategoricalFeatures Time elapsed: 0.041 seconds
INFO:root:2019-09-29 13:41:23.290440: updateISFieldsToBooleanFeatures Time elapsed: 0.007 seconds
INFO:root:2019-09-29 13:41:23.326419: removeHighCardinalityFeatures Time elapsed: 0.036 seconds
INFO:root:2019-09-29 13:41:23.328747: removeHighNULLCntFeatures Time elapsed: 0.002 seconds
INFO:root:2019-09-29 13:41:23.360747: removeRemainingRecordsWithNULLS Time elapsed: 0.032 seconds
INFO:root:2019-09-29 13:41:24.089529: convertCategoricalVariablesToDummyVariables Time elapsed: 0.728 seconds
INFO:root:2019-09-29 13:41:53.669011: Export CSV Time elapsed: 29.559 seconds
INFO:root:########
INFO:root:2019-09-29 13:41:53.669304: End of Data Pipeline Process
INFO:root:########
